<?xml version="1.0" encoding="UTF-8"?>
<testsuite name="org.example.CustomerTest" tests="1" skipped="0" failures="0" errors="0" timestamp="2024-03-03T00:43:34" hostname="DESKTOP-MCMP3VQ" time="0.066">
  <properties/>
  <testcase name="메뉴이름에 해당하는 요리를 주문한다." classname="org.example.CustomerTest" time="0.066"/>
  <system-out><![CDATA[]]></system-out>
  <system-err><![CDATA[]]></system-err>
</testsuite>
